******************************** 
Copie des DLL non enregistrables 
******************************** 
C:\3R\Commons\Library\Non enregistrable\7841.dll
C:\3R\Commons\Library\Non enregistrable\interlnk.dll
C:\3R\Commons\Library\Non enregistrable\intfac32.dll
C:\3R\Commons\Library\Non enregistrable\MSJTER35.DLL
C:\3R\Commons\Library\Non enregistrable\MSVBVM60.DLL
C:\3R\Commons\Library\Non enregistrable\NTPORT.DLL
C:\3R\Commons\Library\Non enregistrable\Papo32.dll
C:\3R\Commons\Library\Non enregistrable\PCI-Dask.dll
C:\3R\Commons\Library\Non enregistrable\ShellLnk.tlb
C:\3R\Commons\Library\Non enregistrable\Spider32.dll
C:\3R\Commons\Library\Non enregistrable\VB5DB.DLL
C:\3R\Commons\Library\Non enregistrable\VB6FR.DLL
C:\3R\Commons\Library\Non enregistrable\Winhrt32.dll
0 fichier(s) copi‚(s)
Commande ECHO d‚sactiv‚e.
******************************** 
Affectation des droits 
******************************** 
Òtes-vous s–r (O/N)ÿ?r‚pertoire trait‚ÿ: C:\3R
r‚pertoire trait‚ÿ: C:\3R\Annexes
fichier trait‚ÿ: C:\3R\background1280x1024.jpg
fichier trait‚ÿ: C:\3R\background1920x1080.jpg
r‚pertoire trait‚ÿ: C:\3R\BED100vid‚o
r‚pertoire trait‚ÿ: C:\3R\Client
r‚pertoire trait‚ÿ: C:\3R\Commons
r‚pertoire trait‚ÿ: C:\3R\CoRRRe IV
fichier trait‚ÿ: C:\3R\Etalonnage USB.xls
fichier trait‚ÿ: C:\3R\Etalonnage USB.xlsm
fichier trait‚ÿ: C:\3R\Install.bat
fichier trait‚ÿ: C:\3R\NOTICE bed 100-V1-4.pdf
r‚pertoire trait‚ÿ: C:\3R\QuantX
r‚pertoire trait‚ÿ: C:\3R\registre
fichier trait‚ÿ: C:\3R\regit.exe
fichier trait‚ÿ: C:\3R\setup.log
fichier trait‚ÿ: C:\3R\TeamViewerQS_fr.exe
r‚pertoire trait‚ÿ: C:\3R\Translate folder
r‚pertoire trait‚ÿ: C:\3R\Annexes\CT Soft
r‚pertoire trait‚ÿ: C:\3R\Annexes\Suppression de peripheriques fantomes
r‚pertoire trait‚ÿ: C:\3R\Annexes\USB drivers for FT232R
fichier trait‚ÿ: C:\3R\Annexes\CT Soft\CTSoft_V01_14_02_English.exe
fichier trait‚ÿ: C:\3R\Annexes\Suppression de peripheriques fantomes\Clean COM Port.reg
fichier trait‚ÿ: C:\3R\Annexes\Suppression de peripheriques fantomes\GhostBusterSetup.msi
r‚pertoire trait‚ÿ: C:\3R\Annexes\USB drivers for FT232R\CDM 2.04.06 WHQL Certified
fichier trait‚ÿ: C:\3R\Annexes\USB drivers for FT232R\CDM 2.04.06 WHQL Certified.zip
fichier trait‚ÿ: C:\3R\Annexes\USB drivers for FT232R\CDM v2.10.00 WHQL Certified.exe
r‚pertoire trait‚ÿ: C:\3R\Annexes\USB drivers for FT232R\CDM 2.04.06 WHQL Certified\amd64
fichier trait‚ÿ: C:\3R\Annexes\USB drivers for FT232R\CDM 2.04.06 WHQL Certified\ftd2xx.h
fichier trait‚ÿ: C:\3R\Annexes\USB drivers for FT232R\CDM 2.04.06 WHQL Certified\ftdibus.cat
fichier trait‚ÿ: C:\3R\Annexes\USB drivers for FT232R\CDM 2.04.06 WHQL Certified\ftdibus.inf
fichier trait‚ÿ: C:\3R\Annexes\USB drivers for FT232R\CDM 2.04.06 WHQL Certified\ftdiport.cat
fichier trait‚ÿ: C:\3R\Annexes\USB drivers for FT232R\CDM 2.04.06 WHQL Certified\ftdiport.inf
r‚pertoire trait‚ÿ: C:\3R\Annexes\USB drivers for FT232R\CDM 2.04.06 WHQL Certified\i386
fichier trait‚ÿ: C:\3R\Annexes\USB drivers for FT232R\CDM 2.04.06 WHQL Certified\amd64\ftbusui.dll
fichier trait‚ÿ: C:\3R\Annexes\USB drivers for FT232R\CDM 2.04.06 WHQL Certified\amd64\ftcserco.dll
fichier trait‚ÿ: C:\3R\Annexes\USB drivers for FT232R\CDM 2.04.06 WHQL Certified\amd64\ftd2xx.lib
fichier trait‚ÿ: C:\3R\Annexes\USB drivers for FT232R\CDM 2.04.06 WHQL Certified\amd64\ftd2xx64.dll
fichier trait‚ÿ: C:\3R\Annexes\USB drivers for FT232R\CDM 2.04.06 WHQL Certified\amd64\ftdibus.sys
fichier trait‚ÿ: C:\3R\Annexes\USB drivers for FT232R\CDM 2.04.06 WHQL Certified\amd64\ftlang.dll
fichier trait‚ÿ: C:\3R\Annexes\USB drivers for FT232R\CDM 2.04.06 WHQL Certified\amd64\ftser2k.sys
fichier trait‚ÿ: C:\3R\Annexes\USB drivers for FT232R\CDM 2.04.06 WHQL Certified\amd64\ftserui2.dll
fichier trait‚ÿ: C:\3R\Annexes\USB drivers for FT232R\CDM 2.04.06 WHQL Certified\i386\ftbusui.dll
fichier trait‚ÿ: C:\3R\Annexes\USB drivers for FT232R\CDM 2.04.06 WHQL Certified\i386\ftcserco.dll
fichier trait‚ÿ: C:\3R\Annexes\USB drivers for FT232R\CDM 2.04.06 WHQL Certified\i386\ftd2xx.dll
fichier trait‚ÿ: C:\3R\Annexes\USB drivers for FT232R\CDM 2.04.06 WHQL Certified\i386\ftd2xx.lib
fichier trait‚ÿ: C:\3R\Annexes\USB drivers for FT232R\CDM 2.04.06 WHQL Certified\i386\ftdibus.sys
fichier trait‚ÿ: C:\3R\Annexes\USB drivers for FT232R\CDM 2.04.06 WHQL Certified\i386\ftlang.dll
fichier trait‚ÿ: C:\3R\Annexes\USB drivers for FT232R\CDM 2.04.06 WHQL Certified\i386\ftser2k.sys
fichier trait‚ÿ: C:\3R\Annexes\USB drivers for FT232R\CDM 2.04.06 WHQL Certified\i386\ftserui2.dll
fichier trait‚ÿ: C:\3R\BED100vid‚o\BED100 - 3pts 4pts charge r‚partie.mp4
fichier trait‚ÿ: C:\3R\BED100vid‚o\BED100 - portique 2 v‚rins.mp4
fichier trait‚ÿ: C:\3R\BED100vid‚o\BED100 - potence encastr‚e.mp4
fichier trait‚ÿ: C:\3R\BED100vid‚o\BED100 - poutre encastr‚e.mp4
fichier trait‚ÿ: C:\3R\BED100vid‚o\BED100 - traction sur fil.mp4
fichier trait‚ÿ: C:\3R\BED100vid‚o\BED100 - tri-axe.mp4
fichier trait‚ÿ: C:\3R\BED100vid‚o\Thumbs.db
r‚pertoire trait‚ÿ: C:\3R\Client\Configuration
fichier trait‚ÿ: C:\3R\Client\Key.3R
r‚pertoire trait‚ÿ: C:\3R\Client\Modeles
r‚pertoire trait‚ÿ: C:\3R\Client\Sorties
r‚pertoire trait‚ÿ: C:\3R\Client\TP
fichier trait‚ÿ: C:\3R\Client\Configuration\#Quantech cimentier.ini
fichier trait‚ÿ: C:\3R\Client\Configuration\3R.ini
fichier trait‚ÿ: C:\3R\Client\Configuration\Configuration scaime.ini
fichier trait‚ÿ: C:\3R\Client\Configuration\CoRRRe IV - Listes de choix QuantX.xls
fichier trait‚ÿ: C:\3R\Client\Configuration\Customer.txt
r‚pertoire trait‚ÿ: C:\3R\Client\Configuration\Graphismes
fichier trait‚ÿ: C:\3R\Client\Configuration\Holcim.ini
fichier trait‚ÿ: C:\3R\Client\Configuration\Interface calcia.ini
fichier trait‚ÿ: C:\3R\Client\Configuration\Interface cimentier 4 ‚prouvettes.ini
fichier trait‚ÿ: C:\3R\Client\Configuration\Interface cimentier.ini
fichier trait‚ÿ: C:\3R\Client\Configuration\Key.3R
fichier trait‚ÿ: C:\3R\Client\Configuration\Lafarge.ini
fichier trait‚ÿ: C:\3R\Client\Configuration\Lafarge.ini.old
fichier trait‚ÿ: C:\3R\Client\Configuration\Liste de choix.mdb
fichier trait‚ÿ: C:\3R\Client\Configuration\LRPC 31.ini
fichier trait‚ÿ: C:\3R\Client\Configuration\Texte d'‚tape.mdb
fichier trait‚ÿ: C:\3R\Client\Configuration\Texte de fin d'‚tape.mdb
fichier trait‚ÿ: C:\3R\Client\Configuration\Graphismes\3R Clock.cur
fichier trait‚ÿ: C:\3R\Client\Configuration\Graphismes\3r.cur
fichier trait‚ÿ: C:\3R\Client\Configuration\Graphismes\3R.Theme
r‚pertoire trait‚ÿ: C:\3R\Client\Configuration\Graphismes\Clients
fichier trait‚ÿ: C:\3R\Client\Configuration\Graphismes\cur.cur
fichier trait‚ÿ: C:\3R\Client\Configuration\Graphismes\Drag1pg.ico
fichier trait‚ÿ: C:\3R\Client\Configuration\Graphismes\Drag2pg.ico
fichier trait‚ÿ: C:\3R\Client\Configuration\Graphismes\Drapeau am‚ricain.wmf
fichier trait‚ÿ: C:\3R\Client\Configuration\Graphismes\Drapeau francais.wmf
fichier trait‚ÿ: C:\3R\Client\Configuration\Graphismes\Drop1pg.ico
r‚pertoire trait‚ÿ: C:\3R\Client\Configuration\Graphismes\Fond ecran
fichier trait‚ÿ: C:\3R\Client\Configuration\Graphismes\Grand verin.JPG
fichier trait‚ÿ: C:\3R\Client\Configuration\Graphismes\H_point.cur
r‚pertoire trait‚ÿ: C:\3R\Client\Configuration\Graphismes\Icones
fichier trait‚ÿ: C:\3R\Client\Configuration\Graphismes\Key.3r
fichier trait‚ÿ: C:\3R\Client\Configuration\Graphismes\logo 3R.gif
fichier trait‚ÿ: C:\3R\Client\Configuration\Graphismes\Logo 3R.old.gif
fichier trait‚ÿ: C:\3R\Client\Configuration\Graphismes\Logo Client.gif
fichier trait‚ÿ: C:\3R\Client\Configuration\Graphismes\LogoChargement.gif
fichier trait‚ÿ: C:\3R\Client\Configuration\Graphismes\Petit verin.jpg
fichier trait‚ÿ: C:\3R\Client\Configuration\Graphismes\Point04.ico
fichier trait‚ÿ: C:\3R\Client\Configuration\Graphismes\Pointeur main.CUR
fichier trait‚ÿ: C:\3R\Client\Configuration\Graphismes\Quantech.gif
fichier trait‚ÿ: C:\3R\Client\Configuration\Graphismes\Quantium.gif
fichier trait‚ÿ: C:\3R\Client\Configuration\Graphismes\QuantX chargement.gif
fichier trait‚ÿ: C:\3R\Client\Configuration\Graphismes\Quantx.gif
fichier trait‚ÿ: C:\3R\Client\Configuration\Graphismes\Thumbs.db
fichier trait‚ÿ: C:\3R\Client\Configuration\Graphismes\Verin 1.JPG
fichier trait‚ÿ: C:\3R\Client\Configuration\Graphismes\Verin 2.JPG
fichier trait‚ÿ: C:\3R\Client\Configuration\Graphismes\Verin 3.JPG
fichier trait‚ÿ: C:\3R\Client\Configuration\Graphismes\Clients\EGC.GIF
fichier trait‚ÿ: C:\3R\Client\Configuration\Graphismes\Clients\HYUNDAI Asie.GIF
fichier trait‚ÿ: C:\3R\Client\Configuration\Graphismes\Clients\Logo Client Calcia.gif
fichier trait‚ÿ: C:\3R\Client\Configuration\Graphismes\Clients\Logo Client CTG.gif
fichier trait‚ÿ: C:\3R\Client\Configuration\Graphismes\Clients\Logo Client.gif
fichier trait‚ÿ: C:\3R\Client\Configuration\Graphismes\Clients\Logo Holcim.gif
fichier trait‚ÿ: C:\3R\Client\Configuration\Graphismes\Clients\Logo Lafarge Ciments.gif
fichier trait‚ÿ: C:\3R\Client\Configuration\Graphismes\Clients\Logo SSANG YONG.gif
fichier trait‚ÿ: C:\3R\Client\Configuration\Graphismes\Clients\Logo SsangYong.gif
fichier trait‚ÿ: C:\3R\Client\Configuration\Graphismes\Clients\Logo_ahg.gif
fichier trait‚ÿ: C:\3R\Client\Configuration\Graphismes\Clients\Thumbs.db
fichier trait‚ÿ: C:\3R\Client\Configuration\Graphismes\Fond ecran\Thumbs.db
fichier trait‚ÿ: C:\3R\Client\Configuration\Graphismes\Fond ecran\wall3r.jpg
fichier trait‚ÿ: C:\3R\Client\Configuration\Graphismes\Fond ecran\wall3rahg.jpg
fichier trait‚ÿ: C:\3R\Client\Configuration\Graphismes\Fond ecran\wall3rdell.jpg
fichier trait‚ÿ: C:\3R\Client\Configuration\Graphismes\Fond ecran\wall3rholcim.jpg
fichier trait‚ÿ: C:\3R\Client\Configuration\Graphismes\Fond ecran\wall3rlafarge.jpg
fichier trait‚ÿ: C:\3R\Client\Configuration\Graphismes\Icones\3r.icl
fichier trait‚ÿ: C:\3R\Client\Configuration\Graphismes\Icones\Batit.ico
fichier trait‚ÿ: C:\3R\Client\Configuration\Graphismes\Icones\Compte rendu.ico
fichier trait‚ÿ: C:\3R\Client\Configuration\Graphismes\Icones\Edit produit.ico
fichier trait‚ÿ: C:\3R\Client\Configuration\Graphismes\Icones\Fleche bas.ICO
fichier trait‚ÿ: C:\3R\Client\Configuration\Graphismes\Icones\Fleche droite.ICO
fichier trait‚ÿ: C:\3R\Client\Configuration\Graphismes\Icones\Fleche gauche.ICO
fichier trait‚ÿ: C:\3R\Client\Configuration\Graphismes\Icones\Gestion.ico
fichier trait‚ÿ: C:\3R\Client\Configuration\Graphismes\Icones\Init.ico
fichier trait‚ÿ: C:\3R\Client\Configuration\Graphismes\Icones\Initecran.ico
fichier trait‚ÿ: C:\3R\Client\Configuration\Graphismes\Icones\Install.ico
fichier trait‚ÿ: C:\3R\Client\Configuration\Graphismes\Icones\Langues.ico
fichier trait‚ÿ: C:\3R\Client\Configuration\Graphismes\Icones\Produit.ico
fichier trait‚ÿ: C:\3R\Client\Configuration\Graphismes\Icones\qs33.ico
fichier trait‚ÿ: C:\3R\Client\Configuration\Graphismes\Icones\qx33.ico
fichier trait‚ÿ: C:\3R\Client\Configuration\Graphismes\Icones\Resultat.ico
fichier trait‚ÿ: C:\3R\Client\Configuration\Graphismes\Icones\Spy.ico
fichier trait‚ÿ: C:\3R\Client\Configuration\Graphismes\Icones\Test.ico
fichier trait‚ÿ: C:\3R\Client\Configuration\Graphismes\Icones\Thumbs.db
fichier trait‚ÿ: C:\3R\Client\Modeles\Bƒtis.3R_bati
fichier trait‚ÿ: C:\3R\Client\Modeles\Key.3R
fichier trait‚ÿ: C:\3R\Client\Modeles\Mapping etapes-Fin d'‚tapes-ParamŠtres cycles.xls
r‚pertoire trait‚ÿ: C:\3R\Client\Modeles\ModŠles Comptes-Rendus
r‚pertoire trait‚ÿ: C:\3R\Client\Modeles\Photos
r‚pertoire trait‚ÿ: C:\3R\Client\Modeles\Produits
fichier trait‚ÿ: C:\3R\Client\Modeles\Produits - Raccourci.lnk
r‚pertoire trait‚ÿ: C:\3R\Client\Modeles\ModŠles Comptes-Rendus\Elastique
fichier trait‚ÿ: C:\3R\Client\Modeles\ModŠles Comptes-Rendus\Key.3R
r‚pertoire trait‚ÿ: C:\3R\Client\Modeles\ModŠles Comptes-Rendus\Statique
r‚pertoire trait‚ÿ: C:\3R\Client\Modeles\ModŠles Comptes-Rendus\Structure
r‚pertoire trait‚ÿ: C:\3R\Client\Modeles\ModŠles Comptes-Rendus\Theorie des poutres
fichier trait‚ÿ: C:\3R\Client\Modeles\ModŠles Comptes-Rendus\Elastique\Compression de poutre.xls
fichier trait‚ÿ: C:\3R\Client\Modeles\ModŠles Comptes-Rendus\Elastique\Compression de poutre.xlsx
fichier trait‚ÿ: C:\3R\Client\Modeles\ModŠles Comptes-Rendus\Elastique\Traction.xls
fichier trait‚ÿ: C:\3R\Client\Modeles\ModŠles Comptes-Rendus\Elastique\Traction.xlsx
fichier trait‚ÿ: C:\3R\Client\Modeles\ModŠles Comptes-Rendus\Statique\Potence encastree STATIQUE.xls
fichier trait‚ÿ: C:\3R\Client\Modeles\ModŠles Comptes-Rendus\Statique\Potence encastree STATIQUE.xlsx
fichier trait‚ÿ: C:\3R\Client\Modeles\ModŠles Comptes-Rendus\Statique\Poutre.xls
fichier trait‚ÿ: C:\3R\Client\Modeles\ModŠles Comptes-Rendus\Statique\Poutre.xlsx
fichier trait‚ÿ: C:\3R\Client\Modeles\ModŠles Comptes-Rendus\Structure\CR Ferme instrument‚e.xlsx
fichier trait‚ÿ: C:\3R\Client\Modeles\ModŠles Comptes-Rendus\Structure\CR Potence.xls
fichier trait‚ÿ: C:\3R\Client\Modeles\ModŠles Comptes-Rendus\Structure\CR Potence.xlsx
fichier trait‚ÿ: C:\3R\Client\Modeles\ModŠles Comptes-Rendus\Structure\Portique effort x.xls
fichier trait‚ÿ: C:\3R\Client\Modeles\ModŠles Comptes-Rendus\Structure\Portique effort x.xlsx
fichier trait‚ÿ: C:\3R\Client\Modeles\ModŠles Comptes-Rendus\Structure\Portique effort y.xls
fichier trait‚ÿ: C:\3R\Client\Modeles\ModŠles Comptes-Rendus\Structure\Portique effort y.xlsx
fichier trait‚ÿ: C:\3R\Client\Modeles\ModŠles Comptes-Rendus\Theorie des poutres\Flexion 3 points.xls
fichier trait‚ÿ: C:\3R\Client\Modeles\ModŠles Comptes-Rendus\Theorie des poutres\Flexion 3 points.xlsx
fichier trait‚ÿ: C:\3R\Client\Modeles\ModŠles Comptes-Rendus\Theorie des poutres\Flexion 4 points.xls
fichier trait‚ÿ: C:\3R\Client\Modeles\ModŠles Comptes-Rendus\Theorie des poutres\Flexion 4 points.xlsx
r‚pertoire trait‚ÿ: C:\3R\Client\Modeles\ModŠles Comptes-Rendus\Theorie des poutres\Option
fichier trait‚ÿ: C:\3R\Client\Modeles\ModŠles Comptes-Rendus\Theorie des poutres\Poutre encastr‚e avec mesure de flŠche.xls
fichier trait‚ÿ: C:\3R\Client\Modeles\ModŠles Comptes-Rendus\Theorie des poutres\Poutre encastr‚e avec mesure de flŠche.xlsx
fichier trait‚ÿ: C:\3R\Client\Modeles\ModŠles Comptes-Rendus\Theorie des poutres\Option\Tenseur de cohesion.xls
fichier trait‚ÿ: C:\3R\Client\Modeles\ModŠles Comptes-Rendus\Theorie des poutres\Option\Tenseur de cohesion.xlsx
fichier trait‚ÿ: C:\3R\Client\Modeles\Photos\Contour.gif
r‚pertoire trait‚ÿ: C:\3R\Client\Modeles\Photos\Elastique
fichier trait‚ÿ: C:\3R\Client\Modeles\Photos\Potence.bmp
r‚pertoire trait‚ÿ: C:\3R\Client\Modeles\Photos\Statique
r‚pertoire trait‚ÿ: C:\3R\Client\Modeles\Photos\Structure
r‚pertoire trait‚ÿ: C:\3R\Client\Modeles\Photos\Theorie des poutres
fichier trait‚ÿ: C:\3R\Client\Modeles\Photos\Thumbs.db
fichier trait‚ÿ: C:\3R\Client\Modeles\Photos\Elastique\Compression poutre.GIF
fichier trait‚ÿ: C:\3R\Client\Modeles\Photos\Elastique\Thumbs.db
fichier trait‚ÿ: C:\3R\Client\Modeles\Photos\Elastique\Traction fil.GIF
fichier trait‚ÿ: C:\3R\Client\Modeles\Photos\Statique\Potence encastree.GIF
fichier trait‚ÿ: C:\3R\Client\Modeles\Photos\Statique\Poutre.GIF
fichier trait‚ÿ: C:\3R\Client\Modeles\Photos\Statique\Thumbs.db
fichier trait‚ÿ: C:\3R\Client\Modeles\Photos\Structure\Ferme.jpg
r‚pertoire trait‚ÿ: C:\3R\Client\Modeles\Photos\Structure\Option
fichier trait‚ÿ: C:\3R\Client\Modeles\Photos\Structure\Portique - Effort en X.GIF
fichier trait‚ÿ: C:\3R\Client\Modeles\Photos\Structure\Portique - Effort en Y.GIF
fichier trait‚ÿ: C:\3R\Client\Modeles\Photos\Structure\Potence encastree.GIF
fichier trait‚ÿ: C:\3R\Client\Modeles\Photos\Structure\Thumbs.db
fichier trait‚ÿ: C:\3R\Client\Modeles\Photos\Structure\Option\Arche.GIF
fichier trait‚ÿ: C:\3R\Client\Modeles\Photos\Structure\Option\Ferme simple.GIF
fichier trait‚ÿ: C:\3R\Client\Modeles\Photos\Structure\Option\Thumbs.db
fichier trait‚ÿ: C:\3R\Client\Modeles\Photos\Structure\Option\Treillis articule.GIF
fichier trait‚ÿ: C:\3R\Client\Modeles\Photos\Theorie des poutres\Flexion 3 points.bmp
fichier trait‚ÿ: C:\3R\Client\Modeles\Photos\Theorie des poutres\Flexion 3 points.GIF
fichier trait‚ÿ: C:\3R\Client\Modeles\Photos\Theorie des poutres\Flexion 4 points.bmp
fichier trait‚ÿ: C:\3R\Client\Modeles\Photos\Theorie des poutres\Flexion 4 points.GIF
r‚pertoire trait‚ÿ: C:\3R\Client\Modeles\Photos\Theorie des poutres\Option
fichier trait‚ÿ: C:\3R\Client\Modeles\Photos\Theorie des poutres\Poutre encastree.bmp
fichier trait‚ÿ: C:\3R\Client\Modeles\Photos\Theorie des poutres\Poutre encastree.GIF
fichier trait‚ÿ: C:\3R\Client\Modeles\Photos\Theorie des poutres\Thumbs.db
fichier trait‚ÿ: C:\3R\Client\Modeles\Photos\Theorie des poutres\Option\Tenseur de cohesion des poutres.GIF
fichier trait‚ÿ: C:\3R\Client\Modeles\Photos\Theorie des poutres\Option\Thumbs.db
r‚pertoire trait‚ÿ: C:\3R\Client\Modeles\Produits\Elastique
r‚pertoire trait‚ÿ: C:\3R\Client\Modeles\Produits\Etalonnage
fichier trait‚ÿ: C:\3R\Client\Modeles\Produits\Key.3R
fichier trait‚ÿ: C:\3R\Client\Modeles\Produits\Programme de test.3R_Produit
r‚pertoire trait‚ÿ: C:\3R\Client\Modeles\Produits\Statique
r‚pertoire trait‚ÿ: C:\3R\Client\Modeles\Produits\Structure
fichier trait‚ÿ: C:\3R\Client\Modeles\Produits\Test 2 v‚rins.3R_Produit
r‚pertoire trait‚ÿ: C:\3R\Client\Modeles\Produits\Theorie des poutres
r‚pertoire trait‚ÿ: C:\3R\Client\Modeles\Produits\Elastique\V‚rin 1
r‚pertoire trait‚ÿ: C:\3R\Client\Modeles\Produits\Elastique\V‚rin 2
fichier trait‚ÿ: C:\3R\Client\Modeles\Produits\Elastique\V‚rin 1\Compression de poutre (V1).3R_Produit
fichier trait‚ÿ: C:\3R\Client\Modeles\Produits\Elastique\V‚rin 1\Traction sur fil (V1).3R_Produit
fichier trait‚ÿ: C:\3R\Client\Modeles\Produits\Elastique\V‚rin 2\Compression de poutre (V2).3R_Produit
fichier trait‚ÿ: C:\3R\Client\Modeles\Produits\Elastique\V‚rin 2\Traction sur fil (V2).3R_Produit
fichier trait‚ÿ: C:\3R\Client\Modeles\Produits\Etalonnage\D‚placement 1.3R_Produit
fichier trait‚ÿ: C:\3R\Client\Modeles\Produits\Etalonnage\D‚placement 2.3R_Produit
fichier trait‚ÿ: C:\3R\Client\Modeles\Produits\Etalonnage\D‚placement 3.3R_Produit
fichier trait‚ÿ: C:\3R\Client\Modeles\Produits\Etalonnage\Force 1.3R_Produit
fichier trait‚ÿ: C:\3R\Client\Modeles\Produits\Etalonnage\Force 2.3R_Produit
fichier trait‚ÿ: C:\3R\Client\Modeles\Produits\Etalonnage\Force Fx.3R_Produit
fichier trait‚ÿ: C:\3R\Client\Modeles\Produits\Etalonnage\Force Fy.3R_Produit
fichier trait‚ÿ: C:\3R\Client\Modeles\Produits\Etalonnage\Moment Mz.3R_Produit
fichier trait‚ÿ: C:\3R\Client\Modeles\Produits\Etalonnage\V‚rin 1 - D‚placement.3R_Produit
fichier trait‚ÿ: C:\3R\Client\Modeles\Produits\Etalonnage\V‚rin 1 - Force - Compression.3R_Produit
fichier trait‚ÿ: C:\3R\Client\Modeles\Produits\Etalonnage\V‚rin 1 - Force - Traction.3R_Produit
fichier trait‚ÿ: C:\3R\Client\Modeles\Produits\Etalonnage\V‚rin 2 - D‚placement.3R_Produit
fichier trait‚ÿ: C:\3R\Client\Modeles\Produits\Etalonnage\V‚rin 2 - Force - Compression.3R_Produit
fichier trait‚ÿ: C:\3R\Client\Modeles\Produits\Etalonnage\V‚rin 2 - Force - Traction.3R_Produit
r‚pertoire trait‚ÿ: C:\3R\Client\Modeles\Produits\Statique\V‚rin 1
r‚pertoire trait‚ÿ: C:\3R\Client\Modeles\Produits\Statique\V‚rin 2
fichier trait‚ÿ: C:\3R\Client\Modeles\Produits\Statique\V‚rin 1\Potence encastree statique (V1) - Copie.3R_Produit
fichier trait‚ÿ: C:\3R\Client\Modeles\Produits\Statique\V‚rin 1\Potence encastree statique (V1).3R_Produit
fichier trait‚ÿ: C:\3R\Client\Modeles\Produits\Statique\V‚rin 1\Poutre (V1).3R_Produit
fichier trait‚ÿ: C:\3R\Client\Modeles\Produits\Statique\V‚rin 1\Poutre (V1).ldb
fichier trait‚ÿ: C:\3R\Client\Modeles\Produits\Statique\V‚rin 2\Potence encastree statique (V2).3R_Produit
fichier trait‚ÿ: C:\3R\Client\Modeles\Produits\Statique\V‚rin 2\Poutre (V2).3R_Produit
r‚pertoire trait‚ÿ: C:\3R\Client\Modeles\Produits\Structure\V‚rin 1
r‚pertoire trait‚ÿ: C:\3R\Client\Modeles\Produits\Structure\V‚rin 2
fichier trait‚ÿ: C:\3R\Client\Modeles\Produits\Structure\V‚rin 1\Ferme (V1).3R_Produit
fichier trait‚ÿ: C:\3R\Client\Modeles\Produits\Structure\V‚rin 1\Portique - Effort en X (V1).3R_Produit
fichier trait‚ÿ: C:\3R\Client\Modeles\Produits\Structure\V‚rin 1\Portique - Effort en Y (V1).3R_Produit
fichier trait‚ÿ: C:\3R\Client\Modeles\Produits\Structure\V‚rin 1\Potence encastree STRUCTURE (V1) - Copie.3R_Produit
fichier trait‚ÿ: C:\3R\Client\Modeles\Produits\Structure\V‚rin 1\Potence encastree STRUCTURE (V1).3R_Produit
fichier trait‚ÿ: C:\3R\Client\Modeles\Produits\Structure\V‚rin 2\Ferme (V2).3R_Produit
fichier trait‚ÿ: C:\3R\Client\Modeles\Produits\Structure\V‚rin 2\Portique - Effort en X (V2).3R_Produit
fichier trait‚ÿ: C:\3R\Client\Modeles\Produits\Structure\V‚rin 2\Portique - Effort en Y (V2).3R_Produit
fichier trait‚ÿ: C:\3R\Client\Modeles\Produits\Structure\V‚rin 2\Potence encastree STRUCTURE (V2).3R_Produit
fichier trait‚ÿ: C:\3R\Client\Modeles\Produits\Theorie des poutres\Thumbs.db
r‚pertoire trait‚ÿ: C:\3R\Client\Modeles\Produits\Theorie des poutres\V‚rin 1
r‚pertoire trait‚ÿ: C:\3R\Client\Modeles\Produits\Theorie des poutres\V‚rin 2
fichier trait‚ÿ: C:\3R\Client\Modeles\Produits\Theorie des poutres\V‚rin 1\Flexion 3 points (V1) - Copie.3R_Produit
fichier trait‚ÿ: C:\3R\Client\Modeles\Produits\Theorie des poutres\V‚rin 1\Flexion 3 points (V1).3R_Produit
fichier trait‚ÿ: C:\3R\Client\Modeles\Produits\Theorie des poutres\V‚rin 1\Flexion 4 points (V1) - Copie.3R_Produit
fichier trait‚ÿ: C:\3R\Client\Modeles\Produits\Theorie des poutres\V‚rin 1\Flexion 4 points (V1).3R_Produit
r‚pertoire trait‚ÿ: C:\3R\Client\Modeles\Produits\Theorie des poutres\V‚rin 1\Option
fichier trait‚ÿ: C:\3R\Client\Modeles\Produits\Theorie des poutres\V‚rin 1\Poutre encastr‚e (V1).3R_Produit
fichier trait‚ÿ: C:\3R\Client\Modeles\Produits\Theorie des poutres\V‚rin 1\Option\Tenseur de cohesion des poutres (V1).3R_Produit
fichier trait‚ÿ: C:\3R\Client\Modeles\Produits\Theorie des poutres\V‚rin 2\Flexion 3 points (V2).3R_Produit
fichier trait‚ÿ: C:\3R\Client\Modeles\Produits\Theorie des poutres\V‚rin 2\Flexion 4 points (V2).3R_Produit
r‚pertoire trait‚ÿ: C:\3R\Client\Modeles\Produits\Theorie des poutres\V‚rin 2\Option
fichier trait‚ÿ: C:\3R\Client\Modeles\Produits\Theorie des poutres\V‚rin 2\Poutre encastr‚e (V2).3R_Produit
fichier trait‚ÿ: C:\3R\Client\Modeles\Produits\Theorie des poutres\V‚rin 2\Option\Tenseur de cohesion des poutres (V2).3R_Produit
fichier trait‚ÿ: C:\3R\Client\Sorties\Flexion 3 points (V1).3R_Produit
fichier trait‚ÿ: C:\3R\Client\Sorties\Flexion 4 points (V1).3R_Produit
fichier trait‚ÿ: C:\3R\Client\Sorties\Key.3R
r‚pertoire trait‚ÿ: C:\3R\Client\Sorties\Mes Comptes-Rendus
fichier trait‚ÿ: C:\3R\Client\Sorties\Poutre encastr‚e (V1).3R_Produit
r‚pertoire trait‚ÿ: C:\3R\Client\Sorties\R‚sultats
fichier trait‚ÿ: C:\3R\Client\Sorties\Mes Comptes-Rendus\CBR1.xls
fichier trait‚ÿ: C:\3R\Client\Sorties\Mes Comptes-Rendus\Key.3R
fichier trait‚ÿ: C:\3R\Client\Sorties\R‚sultats\14-07-28 14-44.3R_Resultat
fichier trait‚ÿ: C:\3R\Client\Sorties\R‚sultats\14-07-28 14-48.3R_Resultat
fichier trait‚ÿ: C:\3R\Client\Sorties\R‚sultats\14-07-28 15-37.3R_Resultat
fichier trait‚ÿ: C:\3R\Client\Sorties\R‚sultats\14-07-28 15-38.3R_Resultat
fichier trait‚ÿ: C:\3R\Client\Sorties\R‚sultats\14-07-28 15-39.3R_Resultat
fichier trait‚ÿ: C:\3R\Client\Sorties\R‚sultats\14-07-28 15-41.3R_Resultat
fichier trait‚ÿ: C:\3R\Client\Sorties\R‚sultats\14-07-28 15-43.3R_Resultat
fichier trait‚ÿ: C:\3R\Client\Sorties\R‚sultats\14-07-28 15-46.3R_Resultat
fichier trait‚ÿ: C:\3R\Client\Sorties\R‚sultats\14-07-28 15-50.3R_Resultat
fichier trait‚ÿ: C:\3R\Client\Sorties\R‚sultats\14-07-28 15-51.3R_Resultat
fichier trait‚ÿ: C:\3R\Client\Sorties\R‚sultats\14-07-28 16-11.3R_Resultat
fichier trait‚ÿ: C:\3R\Client\Sorties\R‚sultats\14-07-28 16-13.3R_Resultat
fichier trait‚ÿ: C:\3R\Client\Sorties\R‚sultats\14-07-28 16-14.3R_Resultat
fichier trait‚ÿ: C:\3R\Client\Sorties\R‚sultats\14-07-28 16-15.3R_Resultat
fichier trait‚ÿ: C:\3R\Client\Sorties\R‚sultats\14-07-28 16-16.3R_Resultat
fichier trait‚ÿ: C:\3R\Client\Sorties\R‚sultats\14-07-28 16-20.3R_Resultat
fichier trait‚ÿ: C:\3R\Client\Sorties\R‚sultats\14-07-28 16-21.3R_Resultat
fichier trait‚ÿ: C:\3R\Client\Sorties\R‚sultats\14-07-28 16-22.3R_Resultat
fichier trait‚ÿ: C:\3R\Client\Sorties\R‚sultats\14-07-28 16-23.3R_Resultat
fichier trait‚ÿ: C:\3R\Client\Sorties\R‚sultats\14-07-28 16-32.3R_Resultat
fichier trait‚ÿ: C:\3R\Client\Sorties\R‚sultats\14-07-28 16-47.3R_Resultat
fichier trait‚ÿ: C:\3R\Client\Sorties\R‚sultats\14-07-28 16-50.3R_Resultat
fichier trait‚ÿ: C:\3R\Client\Sorties\R‚sultats\14-07-28 16-52.3R_Resultat
fichier trait‚ÿ: C:\3R\Client\Sorties\R‚sultats\14-07-28 17-31.3R_Resultat
fichier trait‚ÿ: C:\3R\Client\Sorties\R‚sultats\14-07-28 17-35.3R_Resultat
fichier trait‚ÿ: C:\3R\Client\Sorties\R‚sultats\14-07-29 14-23.3R_Resultat
fichier trait‚ÿ: C:\3R\Client\Sorties\R‚sultats\14-07-29 14-24.3R_Resultat
fichier trait‚ÿ: C:\3R\Client\Sorties\R‚sultats\14-07-29 14-28.3R_Resultat
fichier trait‚ÿ: C:\3R\Client\Sorties\R‚sultats\14-07-29 14-30.3R_Resultat
fichier trait‚ÿ: C:\3R\Client\Sorties\R‚sultats\14-07-29 14-52.3R_Resultat
fichier trait‚ÿ: C:\3R\Client\Sorties\R‚sultats\14-07-29 14-54.3R_Resultat
fichier trait‚ÿ: C:\3R\Client\Sorties\R‚sultats\14-07-29 14-57.3R_Resultat
fichier trait‚ÿ: C:\3R\Client\Sorties\R‚sultats\14-07-29 15-01.3R_Resultat
fichier trait‚ÿ: C:\3R\Client\Sorties\R‚sultats\14-07-29 15-02.3R_Resultat
fichier trait‚ÿ: C:\3R\Client\Sorties\R‚sultats\14-07-29 15-11.3R_Resultat
fichier trait‚ÿ: C:\3R\Client\Sorties\R‚sultats\14-07-29 15-15.3R_Resultat
fichier trait‚ÿ: C:\3R\Client\Sorties\R‚sultats\14-07-29 15-17.3R_Resultat
fichier trait‚ÿ: C:\3R\Client\Sorties\R‚sultats\14-07-29 15-25.3R_Resultat
fichier trait‚ÿ: C:\3R\Client\Sorties\R‚sultats\14-07-29 15-33.3R_Resultat
fichier trait‚ÿ: C:\3R\Client\Sorties\R‚sultats\14-07-29 15-34.3R_Resultat
fichier trait‚ÿ: C:\3R\Client\Sorties\R‚sultats\14-07-29 15-40.3R_Resultat
fichier trait‚ÿ: C:\3R\Client\Sorties\R‚sultats\14-07-29 15-45.3R_Resultat
fichier trait‚ÿ: C:\3R\Client\Sorties\R‚sultats\14-07-29 15-49.3R_Resultat
fichier trait‚ÿ: C:\3R\Client\Sorties\R‚sultats\14-07-29 15-51.3R_Resultat
fichier trait‚ÿ: C:\3R\Client\Sorties\R‚sultats\14-07-29 15-55.3R_Resultat
fichier trait‚ÿ: C:\3R\Client\Sorties\R‚sultats\14-07-29 16-28.3R_Resultat
fichier trait‚ÿ: C:\3R\Client\Sorties\R‚sultats\14-07-29 16-30.3R_Resultat
fichier trait‚ÿ: C:\3R\Client\Sorties\R‚sultats\14-07-29 16-32.3R_Resultat
fichier trait‚ÿ: C:\3R\Client\Sorties\R‚sultats\14-07-29 16-44.3R_Resultat
fichier trait‚ÿ: C:\3R\Client\Sorties\R‚sultats\14-07-29 16-47.3R_Resultat
fichier trait‚ÿ: C:\3R\Client\Sorties\R‚sultats\14-07-29 16-50.3R_Resultat
fichier trait‚ÿ: C:\3R\Client\Sorties\R‚sultats\14-07-29 16-52.3R_Resultat
fichier trait‚ÿ: C:\3R\Client\Sorties\R‚sultats\14-07-29 16-54.3R_Resultat
fichier trait‚ÿ: C:\3R\Client\Sorties\R‚sultats\14-07-29 17-03.3R_Resultat
fichier trait‚ÿ: C:\3R\Client\Sorties\R‚sultats\14-07-31 15-55.3R_Resultat
fichier trait‚ÿ: C:\3R\Client\Sorties\R‚sultats\14-07-31 16-14.3R_Resultat
fichier trait‚ÿ: C:\3R\Client\Sorties\R‚sultats\14-07-31 16-26.3R_Resultat
fichier trait‚ÿ: C:\3R\Client\Sorties\R‚sultats\14-07-31 16-28.3R_Resultat
fichier trait‚ÿ: C:\3R\Client\Sorties\R‚sultats\14-07-31 16-29.3R_Resultat
fichier trait‚ÿ: C:\3R\Client\Sorties\R‚sultats\14-07-31 16-30.3R_Resultat
fichier trait‚ÿ: C:\3R\Client\Sorties\R‚sultats\14-07-31 17-15.3R_Resultat
fichier trait‚ÿ: C:\3R\Client\Sorties\R‚sultats\14-08-01 09-10.3R_Resultat
fichier trait‚ÿ: C:\3R\Client\Sorties\R‚sultats\14-08-01 09-22.3R_Resultat
fichier trait‚ÿ: C:\3R\Client\Sorties\R‚sultats\14-08-01 09-46.3R_Resultat
fichier trait‚ÿ: C:\3R\Client\Sorties\R‚sultats\14-08-01 09-55.3R_Resultat
fichier trait‚ÿ: C:\3R\Client\Sorties\R‚sultats\14-08-01 09-58.3R_Resultat
fichier trait‚ÿ: C:\3R\Client\Sorties\R‚sultats\14-08-01 10-01.3R_Resultat
fichier trait‚ÿ: C:\3R\Client\Sorties\R‚sultats\14-08-01 10-05.3R_Resultat
fichier trait‚ÿ: C:\3R\Client\Sorties\R‚sultats\14-08-01 10-07.3R_Resultat
fichier trait‚ÿ: C:\3R\Client\Sorties\R‚sultats\14-08-01 10-12.3R_Resultat
fichier trait‚ÿ: C:\3R\Client\Sorties\R‚sultats\14-08-01 10-17.3R_Resultat
fichier trait‚ÿ: C:\3R\Client\Sorties\R‚sultats\14-08-01 10-29.3R_Resultat
fichier trait‚ÿ: C:\3R\Client\Sorties\R‚sultats\14-08-01 14-58.3R_Resultat
fichier trait‚ÿ: C:\3R\Client\Sorties\R‚sultats\14-08-01 15-09.3R_Resultat
fichier trait‚ÿ: C:\3R\Client\Sorties\R‚sultats\14-08-01 15-10.3R_Resultat
fichier trait‚ÿ: C:\3R\Client\Sorties\R‚sultats\14-08-01 15-12.3R_Resultat
fichier trait‚ÿ: C:\3R\Client\Sorties\R‚sultats\14-08-01 15-17.3R_Resultat
fichier trait‚ÿ: C:\3R\Client\Sorties\R‚sultats\14-08-01 15-19.3R_Resultat
fichier trait‚ÿ: C:\3R\Client\Sorties\R‚sultats\14-08-01 15-27.3R_Resultat
fichier trait‚ÿ: C:\3R\Client\Sorties\R‚sultats\14-08-01 15-30.3R_Resultat
fichier trait‚ÿ: C:\3R\Client\Sorties\R‚sultats\14-08-01 15-33.3R_Resultat
fichier trait‚ÿ: C:\3R\Client\Sorties\R‚sultats\14-08-01 15-36.3R_Resultat
fichier trait‚ÿ: C:\3R\Client\Sorties\R‚sultats\14-08-01 15-42.3R_Resultat
fichier trait‚ÿ: C:\3R\Client\Sorties\R‚sultats\14-08-01 15-43.3R_Resultat
fichier trait‚ÿ: C:\3R\Client\Sorties\R‚sultats\14-08-01 15-45.3R_Resultat
fichier trait‚ÿ: C:\3R\Client\Sorties\R‚sultats\14-08-01 15-51.3R_Resultat
fichier trait‚ÿ: C:\3R\Client\Sorties\R‚sultats\14-08-06 09-06.3R_Resultat
fichier trait‚ÿ: C:\3R\Client\Sorties\R‚sultats\14-08-06 09-11.3R_Resultat
fichier trait‚ÿ: C:\3R\Client\Sorties\R‚sultats\14-08-06 09-17.3R_Resultat
fichier trait‚ÿ: C:\3R\Client\Sorties\R‚sultats\14-08-14 15-08.3R_Resultat
fichier trait‚ÿ: C:\3R\Client\Sorties\R‚sultats\14-10-15 09-18.3R_Resultat
fichier trait‚ÿ: C:\3R\Client\Sorties\R‚sultats\14-10-15 09-19.3R_Resultat
fichier trait‚ÿ: C:\3R\Client\Sorties\R‚sultats\14-11-20 10-11.3R_Resultat
fichier trait‚ÿ: C:\3R\Client\Sorties\R‚sultats\14-11-20 14-53.3R_Resultat
fichier trait‚ÿ: C:\3R\Client\Sorties\R‚sultats\14-11-20 14-58.3R_Resultat
fichier trait‚ÿ: C:\3R\Client\Sorties\R‚sultats\14-11-20 15-05.3R_Resultat
fichier trait‚ÿ: C:\3R\Client\Sorties\R‚sultats\14-11-20 15-18.3R_Resultat
fichier trait‚ÿ: C:\3R\Client\Sorties\R‚sultats\14-11-20 15-21.3R_Resultat
fichier trait‚ÿ: C:\3R\Client\Sorties\R‚sultats\14-11-20 15-23.3R_Resultat
fichier trait‚ÿ: C:\3R\Client\Sorties\R‚sultats\14-11-20 15-26.3R_Resultat
fichier trait‚ÿ: C:\3R\Client\Sorties\R‚sultats\14-11-20 15-27.3R_Resultat
fichier trait‚ÿ: C:\3R\Client\Sorties\R‚sultats\18-06-04 15-02.3R_Resultat
fichier trait‚ÿ: C:\3R\Client\Sorties\R‚sultats\18-06-04 15-03.3R_Resultat
fichier trait‚ÿ: C:\3R\Client\Sorties\R‚sultats\18-06-04 15-36.3R_Resultat
fichier trait‚ÿ: C:\3R\Client\Sorties\R‚sultats\18-06-05 10-13.3R_Resultat
fichier trait‚ÿ: C:\3R\Client\Sorties\R‚sultats\18-06-05 10-19.3R_Resultat
fichier trait‚ÿ: C:\3R\Client\Sorties\R‚sultats\18-06-05 10-21.3R_Resultat
fichier trait‚ÿ: C:\3R\Client\Sorties\R‚sultats\18-06-05 10-26.3R_Resultat
fichier trait‚ÿ: C:\3R\Client\Sorties\R‚sultats\18-06-05 10-34.3R_Resultat
fichier trait‚ÿ: C:\3R\Client\Sorties\R‚sultats\18-06-05 10-35.3R_Resultat
fichier trait‚ÿ: C:\3R\Client\Sorties\R‚sultats\18-06-05 10-37.3R_Resultat
fichier trait‚ÿ: C:\3R\Client\Sorties\R‚sultats\18-06-05 10-40.3R_Resultat
fichier trait‚ÿ: C:\3R\Client\Sorties\R‚sultats\18-06-05 10-41.3R_Resultat
fichier trait‚ÿ: C:\3R\Client\Sorties\R‚sultats\18-06-05 10-58.3R_Resultat
fichier trait‚ÿ: C:\3R\Client\Sorties\R‚sultats\18-06-05 11-00.3R_Resultat
fichier trait‚ÿ: C:\3R\Client\Sorties\R‚sultats\18-06-05 11-01.3R_Resultat
fichier trait‚ÿ: C:\3R\Client\Sorties\R‚sultats\18-06-05 11-03.3R_Resultat
fichier trait‚ÿ: C:\3R\Client\Sorties\R‚sultats\18-06-05 11-05.3R_Resultat
fichier trait‚ÿ: C:\3R\Client\Sorties\R‚sultats\18-06-11 09-42.3R_Resultat
fichier trait‚ÿ: C:\3R\Client\Sorties\R‚sultats\18-06-11 09-44.3R_Resultat
fichier trait‚ÿ: C:\3R\Client\Sorties\R‚sultats\18-06-11 09-45.3R_Resultat
fichier trait‚ÿ: C:\3R\Client\Sorties\R‚sultats\18-06-11 09-46.3R_Resultat
fichier trait‚ÿ: C:\3R\Client\Sorties\R‚sultats\18-06-12 16-05.3R_Resultat
fichier trait‚ÿ: C:\3R\Client\Sorties\R‚sultats\18-06-12 16-07.3R_Resultat
fichier trait‚ÿ: C:\3R\Client\Sorties\R‚sultats\18-06-12 16-08.3R_Resultat
fichier trait‚ÿ: C:\3R\Client\Sorties\R‚sultats\18-06-12 16-09.3R_Resultat
fichier trait‚ÿ: C:\3R\Client\Sorties\R‚sultats\18-06-13 15-17.3R_Resultat
fichier trait‚ÿ: C:\3R\Client\Sorties\R‚sultats\18-06-13 15-20.3R_Resultat
fichier trait‚ÿ: C:\3R\Client\Sorties\R‚sultats\18-06-15 09-07.3R_Resultat
fichier trait‚ÿ: C:\3R\Client\Sorties\R‚sultats\18-06-15 09-10.3R_Resultat
fichier trait‚ÿ: C:\3R\Client\Sorties\R‚sultats\18-06-15 09-12.3R_Resultat
fichier trait‚ÿ: C:\3R\Client\Sorties\R‚sultats\18-06-15 14-05.3R_Resultat
fichier trait‚ÿ: C:\3R\Client\Sorties\R‚sultats\18-06-15 14-10.3R_Resultat
fichier trait‚ÿ: C:\3R\Client\Sorties\R‚sultats\18-06-15 14-11.3R_Resultat
fichier trait‚ÿ: C:\3R\Client\Sorties\R‚sultats\18-06-15 14-12.3R_Resultat
fichier trait‚ÿ: C:\3R\Client\Sorties\R‚sultats\18-06-15 14-13.3R_Resultat
fichier trait‚ÿ: C:\3R\Client\Sorties\R‚sultats\18-06-15 14-14.3R_Resultat
fichier trait‚ÿ: C:\3R\Client\Sorties\R‚sultats\18-06-15 14-15.3R_Resultat
fichier trait‚ÿ: C:\3R\Client\Sorties\R‚sultats\18-06-15 14-16.3R_Resultat
fichier trait‚ÿ: C:\3R\Client\Sorties\R‚sultats\18-06-15 14-18.3R_Resultat
fichier trait‚ÿ: C:\3R\Client\Sorties\R‚sultats\18-06-15 14-19.3R_Resultat
fichier trait‚ÿ: C:\3R\Client\Sorties\R‚sultats\18-06-15 14-20.3R_Resultat
fichier trait‚ÿ: C:\3R\Client\Sorties\R‚sultats\18-07-02 17-01.3R_Resultat
fichier trait‚ÿ: C:\3R\Client\Sorties\R‚sultats\18-07-02 17-15.3R_Resultat
fichier trait‚ÿ: C:\3R\Client\Sorties\R‚sultats\18-07-02 17-20.3R_Resultat
fichier trait‚ÿ: C:\3R\Client\Sorties\R‚sultats\18-07-02 17-28.3R_Resultat
fichier trait‚ÿ: C:\3R\Client\Sorties\R‚sultats\Bonjour.3R_Resultat
fichier trait‚ÿ: C:\3R\Client\Sorties\R‚sultats\Bonjour1.3R_Resultat
fichier trait‚ÿ: C:\3R\Client\Sorties\R‚sultats\Key.3R
fichier trait‚ÿ: C:\3R\Client\Sorties\R‚sultats\test barre allu flexion 2pts.3R_Resultat
fichier trait‚ÿ: C:\3R\Client\Sorties\R‚sultats\test barre allu flexion 3pts.3R_Resultat
fichier trait‚ÿ: C:\3R\Client\Sorties\R‚sultats\test flex 3pts HM.3R_Resultat
fichier trait‚ÿ: C:\3R\Client\Sorties\R‚sultats\test flex 3pts HM1.3R_Resultat
fichier trait‚ÿ: C:\3R\Client\Sorties\R‚sultats\test flex 3pts HM2.3R_Resultat
fichier trait‚ÿ: C:\3R\Client\Sorties\R‚sultats\test flex3pt vitesse4.3R_Resultat
fichier trait‚ÿ: C:\3R\Client\Sorties\R‚sultats\test flex3pt vitesse5.3R_Resultat
fichier trait‚ÿ: C:\3R\Client\Sorties\R‚sultats\test flex4pt vitess1.3R_Resultat
fichier trait‚ÿ: C:\3R\Client\Sorties\R‚sultats\test portique 5ns.3R_Resultat
fichier trait‚ÿ: C:\3R\Client\Sorties\R‚sultats\test portique 5ns1.3R_Resultat
fichier trait‚ÿ: C:\3R\Client\Sorties\R‚sultats\test portique10ns2.3R_Resultat
fichier trait‚ÿ: C:\3R\Client\Sorties\R‚sultats\test poutre compress.3R_Resultat
fichier trait‚ÿ: C:\3R\Client\Sorties\R‚sultats\test poutre compress4ns.3R_Resultat
fichier trait‚ÿ: C:\3R\Client\Sorties\R‚sultats\test poutre compress4ns1.3R_Resultat
fichier trait‚ÿ: C:\3R\Client\Sorties\R‚sultats\test poutre compress4ns2.3R_Resultat
fichier trait‚ÿ: C:\3R\Client\Sorties\R‚sultats\test poutre compress4ns3.3R_Resultat
fichier trait‚ÿ: C:\3R\Client\Sorties\R‚sultats\test poutre compress4ns4.3R_Resultat
fichier trait‚ÿ: C:\3R\Client\Sorties\R‚sultats\test poutre compress4ns5.3R_Resultat
fichier trait‚ÿ: C:\3R\Client\Sorties\R‚sultats\test poutre encast 1NS.3R_Resultat
fichier trait‚ÿ: C:\3R\Client\Sorties\R‚sultats\test poutre encast 1NS1.3R_Resultat
fichier trait‚ÿ: C:\3R\Client\Sorties\R‚sultats\test tenseur 1ns.3R_Resultat
fichier trait‚ÿ: C:\3R\Client\Sorties\R‚sultats\test tenseur 2ns1.3R_Resultat
fichier trait‚ÿ: C:\3R\Client\Sorties\R‚sultats\test tenseur 3ns.3R_Resultat
fichier trait‚ÿ: C:\3R\Client\Sorties\R‚sultats\test tenseur 4ns1.3R_Resultat
fichier trait‚ÿ: C:\3R\Client\Sorties\R‚sultats\test tenseur5ns2.3R_Resultat
fichier trait‚ÿ: C:\3R\Client\Sorties\R‚sultats\test tenseurassdepl.3R_Resultat
fichier trait‚ÿ: C:\3R\Client\Sorties\R‚sultats\test tenseurassdepl1.3R_Resultat
fichier trait‚ÿ: C:\3R\Client\Sorties\R‚sultats\test tenseurforce10ns.3R_Resultat
fichier trait‚ÿ: C:\3R\Client\Sorties\R‚sultats\test tenseurforce6ns1.3R_Resultat
fichier trait‚ÿ: C:\3R\Client\Sorties\R‚sultats\test tenseurforce7ns2.3R_Resultat
fichier trait‚ÿ: C:\3R\Client\Sorties\R‚sultats\test tenseurforce7ns3.3R_Resultat
r‚pertoire trait‚ÿ: C:\3R\Client\TP\Corrig‚s
r‚pertoire trait‚ÿ: C:\3R\Client\TP\Sujets
r‚pertoire trait‚ÿ: C:\3R\Client\TP\Corrig‚s\TP1-Influence du chargement sur un portique
r‚pertoire trait‚ÿ: C:\3R\Client\TP\Corrig‚s\TP10-Poutre treillis
r‚pertoire trait‚ÿ: C:\3R\Client\TP\Corrig‚s\TP2- Influence du type de liaison sur un portique
r‚pertoire trait‚ÿ: C:\3R\Client\TP\Corrig‚s\TP3-Comparaison mat‚riaux
r‚pertoire trait‚ÿ: C:\3R\Client\TP\Corrig‚s\TP4-Moments quadratiques
r‚pertoire trait‚ÿ: C:\3R\Client\TP\Corrig‚s\TP5-Superposition
r‚pertoire trait‚ÿ: C:\3R\Client\TP\Corrig‚s\TP6-Traction sur fil
r‚pertoire trait‚ÿ: C:\3R\Client\TP\Corrig‚s\TP7-Potence
r‚pertoire trait‚ÿ: C:\3R\Client\TP\Corrig‚s\TP8-Anisotropie du bois
r‚pertoire trait‚ÿ: C:\3R\Client\TP\Corrig‚s\TP9-Charge ponctuelle r‚partie
fichier trait‚ÿ: C:\3R\Client\TP\Corrig‚s\TP1-Influence du chargement sur un portique\Corrige -INFLUENCE DU CHARGEMENT SUR UN PORTIQUE.pdf
fichier trait‚ÿ: C:\3R\Client\TP\Corrig‚s\TP1-Influence du chargement sur un portique\Thumbs.db
fichier trait‚ÿ: C:\3R\Client\TP\Corrig‚s\TP10-Poutre treillis\Corrig- Poutre treillis.pdf
fichier trait‚ÿ: C:\3R\Client\TP\Corrig‚s\TP10-Poutre treillis\Thumbs.db
fichier trait‚ÿ: C:\3R\Client\TP\Corrig‚s\TP2- Influence du type de liaison sur un portique\Corrig‚-INFLUENCE DU TYPE DE LIAISON SUR UN PORTIQUE.pdf
fichier trait‚ÿ: C:\3R\Client\TP\Corrig‚s\TP2- Influence du type de liaison sur un portique\Thumbs.db
fichier trait‚ÿ: C:\3R\Client\TP\Corrig‚s\TP3-Comparaison mat‚riaux\Corrig‚-COMPARAISON DES CARACTERISTIQUES DE MATERIAUX DIFFERENTS.pdf
fichier trait‚ÿ: C:\3R\Client\TP\Corrig‚s\TP3-Comparaison mat‚riaux\Thumbs.db
fichier trait‚ÿ: C:\3R\Client\TP\Corrig‚s\TP4-Moments quadratiques\Corrige-INFLUENCE DE LA GEOMETRIE DE LA SEC SUR LA DEF D UNE POUTRE.pdf
fichier trait‚ÿ: C:\3R\Client\TP\Corrig‚s\TP4-Moments quadratiques\Thumbs.db
fichier trait‚ÿ: C:\3R\Client\TP\Corrig‚s\TP5-Superposition\Corrig‚-PRINICPE DE SUPERPOSTION SUR POUTRE ISOSTATIQUE.pdf
fichier trait‚ÿ: C:\3R\Client\TP\Corrig‚s\TP5-Superposition\Thumbs.db
fichier trait‚ÿ: C:\3R\Client\TP\Corrig‚s\TP6-Traction sur fil\Corrige-TRACTION SUR FIL-DEFORMATION.pdf
fichier trait‚ÿ: C:\3R\Client\TP\Corrig‚s\TP6-Traction sur fil\Corrig‚-TRACTION SUR FIL.pdf
fichier trait‚ÿ: C:\3R\Client\TP\Corrig‚s\TP6-Traction sur fil\Thumbs.db
fichier trait‚ÿ: C:\3R\Client\TP\Corrig‚s\TP7-Potence\Corrig‚- POTENCE.pdf
fichier trait‚ÿ: C:\3R\Client\TP\Corrig‚s\TP7-Potence\Thumbs.db
fichier trait‚ÿ: C:\3R\Client\TP\Corrig‚s\TP8-Anisotropie du bois\CORRIGE-  Anisotropie du bois.pdf
fichier trait‚ÿ: C:\3R\Client\TP\Corrig‚s\TP8-Anisotropie du bois\Thumbs.db
fichier trait‚ÿ: C:\3R\Client\TP\Corrig‚s\TP9-Charge ponctuelle r‚partie\Corrig‚- Charge ponctuelle r‚partie.pdf
fichier trait‚ÿ: C:\3R\Client\TP\Corrig‚s\TP9-Charge ponctuelle r‚partie\Thumbs.db
r‚pertoire trait‚ÿ: C:\3R\Client\TP\Sujets\TP1-Influence du chargement sur un portique
r‚pertoire trait‚ÿ: C:\3R\Client\TP\Sujets\TP10-Poutre treillis
r‚pertoire trait‚ÿ: C:\3R\Client\TP\Sujets\TP2- Influence du type de liaison sur un portique
r‚pertoire trait‚ÿ: C:\3R\Client\TP\Sujets\TP3-Comparaison mat‚riaux
r‚pertoire trait‚ÿ: C:\3R\Client\TP\Sujets\TP4-Moments quadratiques
r‚pertoire trait‚ÿ: C:\3R\Client\TP\Sujets\TP5-Superposition
r‚pertoire trait‚ÿ: C:\3R\Client\TP\Sujets\TP6-Traction sur fil
r‚pertoire trait‚ÿ: C:\3R\Client\TP\Sujets\TP7-Potence
r‚pertoire trait‚ÿ: C:\3R\Client\TP\Sujets\TP8-Anisotropie du bois
r‚pertoire trait‚ÿ: C:\3R\Client\TP\Sujets\TP9-Charge ponctuelle r‚partie
fichier trait‚ÿ: C:\3R\Client\TP\Sujets\TP1-Influence du chargement sur un portique\Sujet -INFLUENCE DU CHARGEMENT SUR UN PORTIQUE.pdf
fichier trait‚ÿ: C:\3R\Client\TP\Sujets\TP1-Influence du chargement sur un portique\Thumbs.db
fichier trait‚ÿ: C:\3R\Client\TP\Sujets\TP10-Poutre treillis\Sujet- Poutre treillis.pdf
fichier trait‚ÿ: C:\3R\Client\TP\Sujets\TP10-Poutre treillis\Thumbs.db
fichier trait‚ÿ: C:\3R\Client\TP\Sujets\TP2- Influence du type de liaison sur un portique\Sujet -INFLUENCE DU TYPE DE LIAISON SUR UN PORTIQUE.pdf
fichier trait‚ÿ: C:\3R\Client\TP\Sujets\TP2- Influence du type de liaison sur un portique\Thumbs.db
fichier trait‚ÿ: C:\3R\Client\TP\Sujets\TP3-Comparaison mat‚riaux\Sujet -COMPARAISON DES CARACTERISTIQUES DE MATERIAUX DIFFERENTS.pdf
fichier trait‚ÿ: C:\3R\Client\TP\Sujets\TP3-Comparaison mat‚riaux\Thumbs.db
fichier trait‚ÿ: C:\3R\Client\TP\Sujets\TP4-Moments quadratiques\Sujet- INFLUENCE DE LA GEOMETRIE DE LA SEC SUR LA DEF D UNE POUTRE.pdf
fichier trait‚ÿ: C:\3R\Client\TP\Sujets\TP4-Moments quadratiques\Thumbs.db
fichier trait‚ÿ: C:\3R\Client\TP\Sujets\TP5-Superposition\Sujet-PRINICPE DE SUPERPOSTION SUR POUTRE ISOSTATIQUE.pdf
fichier trait‚ÿ: C:\3R\Client\TP\Sujets\TP5-Superposition\Thumbs.db
fichier trait‚ÿ: C:\3R\Client\TP\Sujets\TP6-Traction sur fil\Sujet-TRACTION SUR FIL-DEFORMATION.pdf
fichier trait‚ÿ: C:\3R\Client\TP\Sujets\TP6-Traction sur fil\Sujet-TRACTION SUR FIL.pdf
fichier trait‚ÿ: C:\3R\Client\TP\Sujets\TP6-Traction sur fil\Thumbs.db
fichier trait‚ÿ: C:\3R\Client\TP\Sujets\TP7-Potence\Sujet- POTENCE.pdf
fichier trait‚ÿ: C:\3R\Client\TP\Sujets\TP7-Potence\Thumbs.db
fichier trait‚ÿ: C:\3R\Client\TP\Sujets\TP8-Anisotropie du bois\Sujet-  Anisotropie du bois.pdf
fichier trait‚ÿ: C:\3R\Client\TP\Sujets\TP8-Anisotropie du bois\Thumbs.db
fichier trait‚ÿ: C:\3R\Client\TP\Sujets\TP9-Charge ponctuelle r‚partie\Sujet- Charge ponctuelle r‚partie.pdf
fichier trait‚ÿ: C:\3R\Client\TP\Sujets\TP9-Charge ponctuelle r‚partie\Thumbs.db
r‚pertoire trait‚ÿ: C:\3R\Commons\ActiveX Compatibility Manager
fichier trait‚ÿ: C:\3R\Commons\Langues.3R_Langue
r‚pertoire trait‚ÿ: C:\3R\Commons\Library
fichier trait‚ÿ: C:\3R\Commons\Liste de choix.mdb
fichier trait‚ÿ: C:\3R\Commons\T‚l‚maintenance3R.BHF
fichier trait‚ÿ: C:\3R\Commons\ActiveX Compatibility Manager\acm.chm
fichier trait‚ÿ: C:\3R\Commons\ActiveX Compatibility Manager\acm.exe
fichier trait‚ÿ: C:\3R\Commons\ActiveX Compatibility Manager\acm.zip
fichier trait‚ÿ: C:\3R\Commons\ActiveX Compatibility Manager\readme.txt
fichier trait‚ÿ: C:\3R\Commons\Library\COMCT232.OCX
fichier trait‚ÿ: C:\3R\Commons\Library\Comctl32.ocx
fichier trait‚ÿ: C:\3R\Commons\Library\COMDLG32.OCX
fichier trait‚ÿ: C:\3R\Commons\Library\Dao350.dll
fichier trait‚ÿ: C:\3R\Commons\Library\DAO360.DLL
fichier trait‚ÿ: C:\3R\Commons\Library\DBGRID32.OCX
fichier trait‚ÿ: C:\3R\Commons\Library\Dblist32.ocx
fichier trait‚ÿ: C:\3R\Commons\Library\Enregistre.bat
fichier trait‚ÿ: C:\3R\Commons\Library\Gauge32.ocx
fichier trait‚ÿ: C:\3R\Commons\Library\HHOPEN.OCX
fichier trait‚ÿ: C:\3R\Commons\Library\MetEnForme.dll
fichier trait‚ÿ: C:\3R\Commons\Library\MSCOMM32.OCX
fichier trait‚ÿ: C:\3R\Commons\Library\Msflxgrd.ocx
fichier trait‚ÿ: C:\3R\Commons\Library\MSMASK32.OCX
r‚pertoire trait‚ÿ: C:\3R\Commons\Library\Non enregistrable
fichier trait‚ÿ: C:\3R\Commons\Library\Reg.log
fichier trait‚ÿ: C:\3R\Commons\Library\regit.exe
fichier trait‚ÿ: C:\3R\Commons\Library\RICHTX32.OCX
fichier trait‚ÿ: C:\3R\Commons\Library\RRR_ActiveX 3R.ocx
fichier trait‚ÿ: C:\3R\Commons\Library\RRR_ActiveX Quantium.ocx
fichier trait‚ÿ: C:\3R\Commons\Library\RRR_Asservissement.dll
fichier trait‚ÿ: C:\3R\Commons\Library\RRR_BaseDeRegistre.dll
fichier trait‚ÿ: C:\3R\Commons\Library\RRR_Bati.dll
fichier trait‚ÿ: C:\3R\Commons\Library\RRR_Classes generale.dll
fichier trait‚ÿ: C:\3R\Commons\Library\RRR_Conversions.dll
fichier trait‚ÿ: C:\3R\Commons\Library\RRR_Cycles.dll
fichier trait‚ÿ: C:\3R\Commons\Library\RRR_Erreur.dll
fichier trait‚ÿ: C:\3R\Commons\Library\RRR_EspionCycle.dll
fichier trait‚ÿ: C:\3R\Commons\Library\RRR_Feuille_de_service.ocx
fichier trait‚ÿ: C:\3R\Commons\Library\RRR_LiaisonSerie.dll
fichier trait‚ÿ: C:\3R\Commons\Library\RRR_LiaisonTable_QuantX.dll
fichier trait‚ÿ: C:\3R\Commons\Library\RRR_Localisation.dll
fichier trait‚ÿ: C:\3R\Commons\Library\RRR_LocalisationFicResult.dll
fichier trait‚ÿ: C:\3R\Commons\Library\RRR_Math.dll
fichier trait‚ÿ: C:\3R\Commons\Library\RRR_ModBus.dll
fichier trait‚ÿ: C:\3R\Commons\Library\RRR_MsgBox.dll
fichier trait‚ÿ: C:\3R\Commons\Library\RRR_OperationsFichiers.dll
fichier trait‚ÿ: C:\3R\Commons\Library\RRR_Parametre.dll
fichier trait‚ÿ: C:\3R\Commons\Library\RRR_Produit.dll
fichier trait‚ÿ: C:\3R\Commons\Library\RRR_QuantX.dll
fichier trait‚ÿ: C:\3R\Commons\Library\RRR_Sauvegarde.dll
fichier trait‚ÿ: C:\3R\Commons\Library\RRR_Securite.dll
fichier trait‚ÿ: C:\3R\Commons\Library\RRR_Spider8.dll
fichier trait‚ÿ: C:\3R\Commons\Library\RRR_Timer.dll
fichier trait‚ÿ: C:\3R\Commons\Library\RRR_Traduction.dll
fichier trait‚ÿ: C:\3R\Commons\Library\RRR_Unicode.dll
fichier trait‚ÿ: C:\3R\Commons\Library\RRR_WindowsOperation.dll
fichier trait‚ÿ: C:\3R\Commons\Library\scrrun.dll
fichier trait‚ÿ: C:\3R\Commons\Library\TABCTL32.OCX
fichier trait‚ÿ: C:\3R\Commons\Library\Threed32.ocx
fichier trait‚ÿ: C:\3R\Commons\Library\Vbctrls.reg
fichier trait‚ÿ: C:\3R\Commons\Library\Non enregistrable\7841.dll
fichier trait‚ÿ: C:\3R\Commons\Library\Non enregistrable\interlnk.dll
fichier trait‚ÿ: C:\3R\Commons\Library\Non enregistrable\intfac32.dll
fichier trait‚ÿ: C:\3R\Commons\Library\Non enregistrable\MSJTER35.DLL
fichier trait‚ÿ: C:\3R\Commons\Library\Non enregistrable\MSVBVM60.DLL
fichier trait‚ÿ: C:\3R\Commons\Library\Non enregistrable\NTPORT.DLL
fichier trait‚ÿ: C:\3R\Commons\Library\Non enregistrable\Papo32.dll
fichier trait‚ÿ: C:\3R\Commons\Library\Non enregistrable\PCI-Dask.dll
fichier trait‚ÿ: C:\3R\Commons\Library\Non enregistrable\ShellLnk.tlb
fichier trait‚ÿ: C:\3R\Commons\Library\Non enregistrable\Spider32.dll
fichier trait‚ÿ: C:\3R\Commons\Library\Non enregistrable\VB5DB.DLL
fichier trait‚ÿ: C:\3R\Commons\Library\Non enregistrable\VB6FR.DLL
fichier trait‚ÿ: C:\3R\Commons\Library\Non enregistrable\Winhrt32.dll
fichier trait‚ÿ: C:\3R\CoRRRe IV\Aide CoRRRe IV.chm
fichier trait‚ÿ: C:\3R\CoRRRe IV\CoRRRe IV - Analyse.xls
fichier trait‚ÿ: C:\3R\CoRRRe IV\CoRRRe IV - Listes de choix QuantX.xls
fichier trait‚ÿ: C:\3R\CoRRRe IV\CoRRRe IV.xla
r‚pertoire trait‚ÿ: C:\3R\QuantX\Fichiers Temporaires
r‚pertoire trait‚ÿ: C:\3R\QuantX\Journaux
r‚pertoire trait‚ÿ: C:\3R\QuantX\Outils
fichier trait‚ÿ: C:\3R\QuantX\QuantX.exe
r‚pertoire trait‚ÿ: C:\3R\QuantX\Sauvegarde Etalonnage
fichier trait‚ÿ: C:\3R\QuantX\Fichiers Temporaires\Fichier Temporaire Cycle-
fichier trait‚ÿ: C:\3R\QuantX\Fichiers Temporaires\Fichier Temporaire Cycle-QuantX
fichier trait‚ÿ: C:\3R\QuantX\Fichiers Temporaires\Fichier Temporaire Divers-QuantX
fichier trait‚ÿ: C:\3R\QuantX\Fichiers Temporaires\Fichier Temporaire ParamŠtres Cycle-
fichier trait‚ÿ: C:\3R\QuantX\Fichiers Temporaires\Fichier Temporaire ParamŠtres Cycle-QuantX
fichier trait‚ÿ: C:\3R\QuantX\Fichiers Temporaires\Fichier Temporaire ParamŠtres Utilisateurs-
fichier trait‚ÿ: C:\3R\QuantX\Fichiers Temporaires\Fichier Temporaire ParamŠtres Utilisateurs-QuantX
fichier trait‚ÿ: C:\3R\QuantX\Fichiers Temporaires\Fichier Temporaire Points-QuantX
fichier trait‚ÿ: C:\3R\QuantX\Fichiers Temporaires\Key.3R
fichier trait‚ÿ: C:\3R\QuantX\Fichiers Temporaires\Tempo parametre-
fichier trait‚ÿ: C:\3R\QuantX\Fichiers Temporaires\Tempo parametre-QuantX
fichier trait‚ÿ: C:\3R\QuantX\Journaux\Cycle Approche V‚rin 1 - Espion.3R_Espion
fichier trait‚ÿ: C:\3R\QuantX\Journaux\Cycle Approche V‚rin 2 - Espion.3R_Espion
fichier trait‚ÿ: C:\3R\QuantX\Journaux\Cycle Armement - Espion.3R_Espion
fichier trait‚ÿ: C:\3R\QuantX\Journaux\Cycle Arrˆt V‚rin 1 - Espion.3R_Espion
fichier trait‚ÿ: C:\3R\QuantX\Journaux\Cycle Arrˆt V‚rin 2 - Espion.3R_Espion
fichier trait‚ÿ: C:\3R\QuantX\Journaux\Cycle Contr“le de D‚part - Espion.3R_Espion
fichier trait‚ÿ: C:\3R\QuantX\Journaux\Cycle Contr“le des S‚curit‚s - Espion.3R_Espion
fichier trait‚ÿ: C:\3R\QuantX\Journaux\Cycle d'Indication de Charge - Espion.3R_Espion
fichier trait‚ÿ: C:\3R\QuantX\Journaux\Cycle de Tarage au Contact - Espion.3R_Espion
fichier trait‚ÿ: C:\3R\QuantX\Journaux\Cycle de Tarage avant Approche - Espion.3R_Espion
fichier trait‚ÿ: C:\3R\QuantX\Journaux\Cycle Essai - Espion.3R_Espion
fichier trait‚ÿ: C:\3R\QuantX\Journaux\Cycle manuel - Espion.3R_Espion
fichier trait‚ÿ: C:\3R\QuantX\Journaux\Cycle V‚rin 1 - Espion.3R_Espion
fichier trait‚ÿ: C:\3R\QuantX\Journaux\Erreur.txt
fichier trait‚ÿ: C:\3R\QuantX\Journaux\Key.3R
fichier trait‚ÿ: C:\3R\QuantX\Journaux\Surcharge ParamŠtres.txt
r‚pertoire trait‚ÿ: C:\3R\QuantX\Outils\Editeurs
fichier trait‚ÿ: C:\3R\QuantX\Outils\Key.3R
r‚pertoire trait‚ÿ: C:\3R\QuantX\Outils\Mise … jour
r‚pertoire trait‚ÿ: C:\3R\QuantX\Outils\Programmes de tests
r‚pertoire trait‚ÿ: C:\3R\QuantX\Outils\Validation des produits
r‚pertoire trait‚ÿ: C:\3R\QuantX\Outils\Editeurs\Drapeaux des pays
fichier trait‚ÿ: C:\3R\QuantX\Outils\Editeurs\Editeur 3R.exe
fichier trait‚ÿ: C:\3R\QuantX\Outils\Editeurs\Editeur de produit.exe
fichier trait‚ÿ: C:\3R\QuantX\Outils\Editeurs\Key.3R
fichier trait‚ÿ: C:\3R\QuantX\Outils\Editeurs\Lisez moi en cas de problŠmes.txt
fichier trait‚ÿ: C:\3R\QuantX\Outils\Editeurs\RRR_Cycles.exp
fichier trait‚ÿ: C:\3R\QuantX\Outils\Editeurs\RRR_Cycles.lib
fichier trait‚ÿ: C:\3R\QuantX\Outils\Editeurs\Traduction.xls
fichier trait‚ÿ: C:\3R\QuantX\Outils\Editeurs\Drapeaux des pays\Allemagne.gif
fichier trait‚ÿ: C:\3R\QuantX\Outils\Editeurs\Drapeaux des pays\Angleterre.gif
fichier trait‚ÿ: C:\3R\QuantX\Outils\Editeurs\Drapeaux des pays\austria.gif
fichier trait‚ÿ: C:\3R\QuantX\Outils\Editeurs\Drapeaux des pays\Belgique.gif
fichier trait‚ÿ: C:\3R\QuantX\Outils\Editeurs\Drapeaux des pays\CEE.gif
fichier trait‚ÿ: C:\3R\QuantX\Outils\Editeurs\Drapeaux des pays\Danemark.gif
fichier trait‚ÿ: C:\3R\QuantX\Outils\Editeurs\Drapeaux des pays\Espagne.gif
fichier trait‚ÿ: C:\3R\QuantX\Outils\Editeurs\Drapeaux des pays\Finlande.gif
fichier trait‚ÿ: C:\3R\QuantX\Outils\Editeurs\Drapeaux des pays\France.gif
fichier trait‚ÿ: C:\3R\QuantX\Outils\Editeurs\Drapeaux des pays\Grece.gif
fichier trait‚ÿ: C:\3R\QuantX\Outils\Editeurs\Drapeaux des pays\Holande.gif
fichier trait‚ÿ: C:\3R\QuantX\Outils\Editeurs\Drapeaux des pays\Irlande.gif
fichier trait‚ÿ: C:\3R\QuantX\Outils\Editeurs\Drapeaux des pays\Italie.gif
fichier trait‚ÿ: C:\3R\QuantX\Outils\Editeurs\Drapeaux des pays\Key.3R
fichier trait‚ÿ: C:\3R\QuantX\Outils\Editeurs\Drapeaux des pays\Luxembourg.gif
fichier trait‚ÿ: C:\3R\QuantX\Outils\Editeurs\Drapeaux des pays\Norvege.gif
fichier trait‚ÿ: C:\3R\QuantX\Outils\Editeurs\Drapeaux des pays\Portugal.gif
fichier trait‚ÿ: C:\3R\QuantX\Outils\Editeurs\Drapeaux des pays\Suede.gif
fichier trait‚ÿ: C:\3R\QuantX\Outils\Mise … jour\Key.3R
fichier trait‚ÿ: C:\3R\QuantX\Outils\Mise … jour\Mise … jour des bases.exe
fichier trait‚ÿ: C:\3R\QuantX\Outils\Mise … jour\ModŠle Bƒtis.3R_bati
fichier trait‚ÿ: C:\3R\QuantX\Outils\Mise … jour\ModŠle produit.3R_Produit
fichier trait‚ÿ: C:\3R\QuantX\Outils\Mise … jour\setup.log
r‚pertoire trait‚ÿ: C:\3R\QuantX\Outils\Mise … jour\Temp
r‚pertoire trait‚ÿ: C:\3R\QuantX\Outils\Programmes de tests\configuration
fichier trait‚ÿ: C:\3R\QuantX\Outils\Programmes de tests\Espion Liaison Serie.exe
fichier trait‚ÿ: C:\3R\QuantX\Outils\Programmes de tests\Key.3R
fichier trait‚ÿ: C:\3R\QuantX\Outils\Programmes de tests\RRR_Erreur.dll
fichier trait‚ÿ: C:\3R\QuantX\Outils\Programmes de tests\RRR_Erreur.exp
fichier trait‚ÿ: C:\3R\QuantX\Outils\Programmes de tests\RRR_Erreur.lib
fichier trait‚ÿ: C:\3R\QuantX\Outils\Programmes de tests\Test 7841.exe
fichier trait‚ÿ: C:\3R\QuantX\Outils\Programmes de tests\Test Carte Quantech - PCI 9111 HR.exe
fichier trait‚ÿ: C:\3R\QuantX\Outils\Programmes de tests\Test Codeur.exe
fichier trait‚ÿ: C:\3R\QuantX\Outils\Programmes de tests\Test de com Eletrom‚ca.exe
fichier trait‚ÿ: C:\3R\QuantX\Outils\Programmes de tests\Test E-S logiques.exe
fichier trait‚ÿ: C:\3R\QuantX\Outils\Programmes de tests\Test Entr‚es analogiques.exe
fichier trait‚ÿ: C:\3R\QuantX\Outils\Programmes de tests\Test Mat‚riel Quantech - ACL 8316.exe
fichier trait‚ÿ: C:\3R\QuantX\Outils\Programmes de tests\Test PCI 6208 V.exe
fichier trait‚ÿ: C:\3R\QuantX\Outils\Programmes de tests\Test Quantech.exe
fichier trait‚ÿ: C:\3R\QuantX\Outils\Programmes de tests\Test RS232 - Modbus.exe
fichier trait‚ÿ: C:\3R\QuantX\Outils\Programmes de tests\Test sorties analogiques.exe
fichier trait‚ÿ: C:\3R\QuantX\Outils\Programmes de tests\Test WDT-01.exe
fichier trait‚ÿ: C:\3R\QuantX\Outils\Programmes de tests\configuration\Config tests.ini
fichier trait‚ÿ: C:\3R\QuantX\Outils\Programmes de tests\configuration\Test 7841.ini
fichier trait‚ÿ: C:\3R\QuantX\Outils\Programmes de tests\configuration\Test Entr‚es analogiques.ini
fichier trait‚ÿ: C:\3R\QuantX\Outils\Programmes de tests\configuration\Test Mat‚riel Quantech - ACL 8316.ini
fichier trait‚ÿ: C:\3R\QuantX\Outils\Programmes de tests\configuration\Test sorties analogiques.ini
fichier trait‚ÿ: C:\3R\QuantX\Outils\Programmes de tests\configuration\Test WDT-01.ini
fichier trait‚ÿ: C:\3R\QuantX\Outils\Validation des produits\Key.3R
fichier trait‚ÿ: C:\3R\QuantX\Outils\Validation des produits\Validation.exe
fichier trait‚ÿ: C:\3R\QuantX\Sauvegarde Etalonnage\bƒtis du 10-10-14 11-45.3R_bati
fichier trait‚ÿ: C:\3R\QuantX\Sauvegarde Etalonnage\bƒtis du 11-08-2014 15-10.3R_bati
fichier trait‚ÿ: C:\3R\QuantX\Sauvegarde Etalonnage\bƒtis du 11-08-2014 15-12.3R_bati
fichier trait‚ÿ: C:\3R\QuantX\Sauvegarde Etalonnage\bƒtis du 11-08-2014 15-14.3R_bati
fichier trait‚ÿ: C:\3R\QuantX\Sauvegarde Etalonnage\bƒtis du 11-08-2014 15-17.3R_bati
fichier trait‚ÿ: C:\3R\QuantX\Sauvegarde Etalonnage\bƒtis du 11-08-2014 15-20.3R_bati
fichier trait‚ÿ: C:\3R\QuantX\Sauvegarde Etalonnage\bƒtis du 11-08-2014 15-30.3R_bati
fichier trait‚ÿ: C:\3R\QuantX\Sauvegarde Etalonnage\bƒtis du 11-08-2014 15-31.3R_bati
fichier trait‚ÿ: C:\3R\QuantX\Sauvegarde Etalonnage\bƒtis du 11-08-2014 15-34.3R_bati
fichier trait‚ÿ: C:\3R\QuantX\Sauvegarde Etalonnage\bƒtis du 11-08-2014 16-52.3R_bati
fichier trait‚ÿ: C:\3R\QuantX\Sauvegarde Etalonnage\bƒtis du 11-08-2014 16-53.3R_bati
fichier trait‚ÿ: C:\3R\QuantX\Sauvegarde Etalonnage\bƒtis du 11-08-2014 16-54.3R_bati
fichier trait‚ÿ: C:\3R\QuantX\Sauvegarde Etalonnage\bƒtis du 11-08-2014 16-56.3R_bati
fichier trait‚ÿ: C:\3R\QuantX\Sauvegarde Etalonnage\bƒtis du 11-08-2014 17-07.3R_bati
fichier trait‚ÿ: C:\3R\QuantX\Sauvegarde Etalonnage\bƒtis du 11-08-2014 17-08.3R_bati
fichier trait‚ÿ: C:\3R\QuantX\Sauvegarde Etalonnage\bƒtis du 11-08-2014 17-10.3R_bati
fichier trait‚ÿ: C:\3R\QuantX\Sauvegarde Etalonnage\bƒtis du 11-08-2014 17-11.3R_bati
fichier trait‚ÿ: C:\3R\QuantX\Sauvegarde Etalonnage\bƒtis du 11-08-2014 17-12.3R_bati
fichier trait‚ÿ: C:\3R\QuantX\Sauvegarde Etalonnage\bƒtis du 11-08-2014 17-13.3R_bati
fichier trait‚ÿ: C:\3R\QuantX\Sauvegarde Etalonnage\bƒtis du 11-08-2014 17-14.3R_bati
fichier trait‚ÿ: C:\3R\QuantX\Sauvegarde Etalonnage\bƒtis du 11-08-2014 17-15.3R_bati
fichier trait‚ÿ: C:\3R\QuantX\Sauvegarde Etalonnage\bƒtis du 11-08-2014 17-16.3R_bati
fichier trait‚ÿ: C:\3R\QuantX\Sauvegarde Etalonnage\bƒtis du 11-08-2014 17-18.3R_bati
fichier trait‚ÿ: C:\3R\QuantX\Sauvegarde Etalonnage\bƒtis du 11-08-2014 17-19.3R_bati
fichier trait‚ÿ: C:\3R\QuantX\Sauvegarde Etalonnage\bƒtis du 11-08-2014 17-47.3R_bati
fichier trait‚ÿ: C:\3R\QuantX\Sauvegarde Etalonnage\bƒtis du 12-08-2014 08-54.3R_bati
fichier trait‚ÿ: C:\3R\QuantX\Sauvegarde Etalonnage\bƒtis du 12-08-2014 09-04.3R_bati
fichier trait‚ÿ: C:\3R\QuantX\Sauvegarde Etalonnage\bƒtis du 12-08-2014 09-32.3R_bati
fichier trait‚ÿ: C:\3R\QuantX\Sauvegarde Etalonnage\bƒtis du 12-08-2014 09-35.3R_bati
fichier trait‚ÿ: C:\3R\QuantX\Sauvegarde Etalonnage\bƒtis du 14-08-14 11-35.3R_bati
fichier trait‚ÿ: C:\3R\QuantX\Sauvegarde Etalonnage\bƒtis du 14-08-2014 08-23.3R_bati
fichier trait‚ÿ: C:\3R\QuantX\Sauvegarde Etalonnage\bƒtis du 14-08-2014 09-38.3R_bati
fichier trait‚ÿ: C:\3R\QuantX\Sauvegarde Etalonnage\bƒtis du 14-08-2014 09-41.3R_bati
fichier trait‚ÿ: C:\3R\QuantX\Sauvegarde Etalonnage\bƒtis du 14-08-2014 11-04.3R_bati
fichier trait‚ÿ: C:\3R\QuantX\Sauvegarde Etalonnage\bƒtis du 14-08-2014 11-06.3R_bati
fichier trait‚ÿ: C:\3R\QuantX\Sauvegarde Etalonnage\bƒtis du 14-08-2014 11-55.3R_bati
fichier trait‚ÿ: C:\3R\QuantX\Sauvegarde Etalonnage\bƒtis du 14-08-2014 11-56.3R_bati
fichier trait‚ÿ: C:\3R\QuantX\Sauvegarde Etalonnage\bƒtis du 14-08-2014 14-08.3R_bati
fichier trait‚ÿ: C:\3R\QuantX\Sauvegarde Etalonnage\bƒtis du 14-08-2014 14-09.3R_bati
fichier trait‚ÿ: C:\3R\QuantX\Sauvegarde Etalonnage\bƒtis du 14-08-2014 14-47.3R_bati
fichier trait‚ÿ: C:\3R\QuantX\Sauvegarde Etalonnage\bƒtis du 14-08-2014 14-49.3R_bati
fichier trait‚ÿ: C:\3R\QuantX\Sauvegarde Etalonnage\bƒtis du 14-08-2014 14-51.3R_bati
fichier trait‚ÿ: C:\3R\QuantX\Sauvegarde Etalonnage\bƒtis du 14-08-2014 14-53.3R_bati
fichier trait‚ÿ: C:\3R\QuantX\Sauvegarde Etalonnage\bƒtis du 14-08-2014 14-55.3R_bati
fichier trait‚ÿ: C:\3R\QuantX\Sauvegarde Etalonnage\bƒtis du 15-10-2014 08-35.3R_bati
fichier trait‚ÿ: C:\3R\QuantX\Sauvegarde Etalonnage\bƒtis du 15-10-2014 08-36.3R_bati
fichier trait‚ÿ: C:\3R\QuantX\Sauvegarde Etalonnage\bƒtis du 15-10-2014 08-37.3R_bati
fichier trait‚ÿ: C:\3R\QuantX\Sauvegarde Etalonnage\bƒtis du 15-10-2014 08-38.3R_bati
fichier trait‚ÿ: C:\3R\QuantX\Sauvegarde Etalonnage\bƒtis du 15-10-2014 08-39.3R_bati
fichier trait‚ÿ: C:\3R\QuantX\Sauvegarde Etalonnage\bƒtis du 15-10-2014 08-40.3R_bati
fichier trait‚ÿ: C:\3R\QuantX\Sauvegarde Etalonnage\bƒtis du 15-10-2014 08-41.3R_bati
fichier trait‚ÿ: C:\3R\QuantX\Sauvegarde Etalonnage\bƒtis du 15-10-2014 08-43.3R_bati
fichier trait‚ÿ: C:\3R\QuantX\Sauvegarde Etalonnage\bƒtis du 15-10-2014 08-44.3R_bati
fichier trait‚ÿ: C:\3R\QuantX\Sauvegarde Etalonnage\bƒtis du 15-10-2014 08-45.3R_bati
fichier trait‚ÿ: C:\3R\QuantX\Sauvegarde Etalonnage\Bƒtis.3R_bati
fichier trait‚ÿ: C:\3R\QuantX\Sauvegarde Etalonnage\Key.3R
fichier trait‚ÿ: C:\3R\registre\3R - Generic - Extension QuantX.3R_reg
fichier trait‚ÿ: C:\3R\registre\3R - Generic - Extension QuantX.reg
fichier trait‚ÿ: C:\3R\registre\3R - Generic - Path CIV.3R_reg
fichier trait‚ÿ: C:\3R\registre\3R - Generic - Path CIV.reg
fichier trait‚ÿ: C:\3R\registre\3R - Generic - Path QuantX.3R_reg
fichier trait‚ÿ: C:\3R\registre\3R - Generic - Path QuantX.reg
r‚pertoire trait‚ÿ: C:\3R\registre\Autorisation macro Excel
fichier trait‚ÿ: C:\3R\registre\Fix2007.reg
fichier trait‚ÿ: C:\3R\registre\Flxgrd 32.reg
fichier trait‚ÿ: C:\3R\registre\Flxgrd 64.reg
fichier trait‚ÿ: C:\3R\registre\vb6controls.reg
fichier trait‚ÿ: C:\3R\registre\Vbctrls.reg
fichier trait‚ÿ: C:\3R\registre\Autorisation macro Excel\Autorisation Excel 2003.reg
fichier trait‚ÿ: C:\3R\registre\Autorisation macro Excel\Autorisation Excel 2007.reg
fichier trait‚ÿ: C:\3R\registre\Autorisation macro Excel\Autorisation Excel 2010.reg
fichier trait‚ÿ: C:\3R\registre\Autorisation macro Excel\Autorisation Excel 2013.reg
fichier trait‚ÿ: C:\3R\Translate folder\English.langage
fichier trait‚ÿ: C:\3R\Translate folder\extQX.reg
fichier trait‚ÿ: C:\3R\Translate folder\Fix2007.reg
fichier trait‚ÿ: C:\3R\Translate folder\Folder translator.exe
fichier trait‚ÿ: C:\3R\Translate folder\Francais.langage
fichier trait‚ÿ: C:\3R\Translate folder\pathCIV.reg
fichier trait‚ÿ: C:\3R\Translate folder\pathQX.reg
fichier trait‚ÿ: C:\3R\Translate folder\vb6controls.reg
Commande ECHO d‚sactiv‚e.
******************************** 
******************************** 
REG IMPORT "C:\3R\registre\Vbctrls.reg" 
REG IMPORT "C:\3R\registre\vb6controls.reg" 
Commande ECHO d‚sactiv‚e.
******************************** 
Enregistrement des DLL et OCX 
******************************** 
regit C:\3R\Commons\Library\Comct232.ocx..  DllRegisterServer failed : 0x8002801C (unknown error)
regit C:\3R\Commons\Library\Comctl32.ocx..  DllRegisterServer failed : 0x8002801C (unknown error)
regit C:\3R\Commons\Library\Comdlg32.ocx...  registered
regit C:\3R\Commons\Library\Dao360.dll...  registered
regit C:\3R\Commons\Library\Dbgrid32.ocx...  registered
regit C:\3R\Commons\Library\Dblist32.ocx..  DllRegisterServer failed : 0x8002801C (unknown error)
regit C:\3R\Commons\Library\Gauge32.ocx...  registered
regit C:\3R\Commons\Library\HHOpen.ocx..  DllRegisterServer failed : 0x80040201 (unknown error)
regit C:\3R\Commons\Library\mscomm32.ocx...  registered
regit C:\3R\Commons\Library\Msflxgrd.ocx..  DllRegisterServer failed : 0x8002801C (unknown error)
regit C:\3R\Commons\Library\msmask32.ocx..  DllRegisterServer failed : 0x8002801C (unknown error)
regit C:\3R\Commons\Library\scrrun.dll...  registered
regit C:\3R\Commons\Library\TABCTL32.ocx...  registered
regit C:\3R\Commons\Library\Threed32.ocx..  DllRegisterServer failed : 0x80040201 (unknown error)
regit C:\3R\Commons\Library\RRR_ActiveX 3R.ocx..  DllRegisterServer failed : 0x80004005 (unknown error)
regit C:\3R\Commons\Library\RRR_ActiveX Quantium.ocx..  DllRegisterServer failed : 0x80004005 (unknown error)
regit C:\3R\Commons\Library\RRR_Feuille_de_service.ocx..  DllRegisterServer failed : 0x80004005 (unknown error)
regit C:\3R\Commons\Library\RRR_Asservissement.dll..  DllRegisterServer failed : 0x80004005 (unknown error)
regit C:\3R\Commons\Library\RRR_BaseDeRegistre.dll..  DllRegisterServer failed : 0x80004005 (unknown error)
regit C:\3R\Commons\Library\RRR_Bati.dll..  DllRegisterServer failed : 0x80004005 (unknown error)
regit C:\3R\Commons\Library\RRR_Classes generale.dll..  DllRegisterServer failed : 0x80004005 (unknown error)
regit C:\3R\Commons\Library\RRR_Cycles.dll..  DllRegisterServer failed : 0x80004005 (unknown error)
regit C:\3R\Commons\Library\RRR_Conversions.dll..  DllRegisterServer failed : 0x80004005 (unknown error)
regit C:\3R\Commons\Library\RRR_Erreur.dll..  DllRegisterServer failed : 0x80004005 (unknown error)
regit C:\3R\Commons\Library\RRR_EspionCycle.dll..  DllRegisterServer failed : 0x80004005 (unknown error)
regit C:\3R\Commons\Library\RRR_LiaisonSerie.dll..  DllRegisterServer failed : 0x80004005 (unknown error)
regit C:\3R\Commons\Library\RRR_LiaisonTable_QuantX.dll..  DllRegisterServer failed : 0x80004005 (unknown error)
regit C:\3R\Commons\Library\RRR_Localisation.dll..  DllRegisterServer failed : 0x80004005 (unknown error)
regit C:\3R\Commons\Library\RRR_LocalisationFicResult.dll..  DllRegisterServer failed : 0x80004005 (unknown error)
regit C:\3R\Commons\Library\RRR_Math.dll..  DllRegisterServer failed : 0x80004005 (unknown error)
regit C:\3R\Commons\Library\RRR_ModBus.dll..  DllRegisterServer failed : 0x80004005 (unknown error)
regit C:\3R\Commons\Library\RRR_MsgBox.dll..  DllRegisterServer failed : 0x80004005 (unknown error)
regit C:\3R\Commons\Library\RRR_OperationsFichiers.dll..  DllRegisterServer failed : 0x80004005 (unknown error)
regit C:\3R\Commons\Library\RRR_Parametre.dll..  DllRegisterServer failed : 0x80004005 (unknown error)
regit C:\3R\Commons\Library\RRR_Produit.dll..  DllRegisterServer failed : 0x80004005 (unknown error)
regit C:\3R\Commons\Library\RRR_Sauvegarde.dll..  DllRegisterServer failed : 0x80004005 (unknown error)
regit C:\3R\Commons\Library\RRR_Securite.dll..  DllRegisterServer failed : 0x80004005 (unknown error)
regit C:\3R\Commons\Library\RRR_Spider8.dll..  DllRegisterServer failed : 0x80004005 (unknown error)
regit C:\3R\Commons\Library\RRR_Timer.dll..  DllRegisterServer failed : 0x80004005 (unknown error)
regit C:\3R\Commons\Library\RRR_Traduction.dll..  DllRegisterServer failed : 0x80004005 (unknown error)
regit C:\3R\Commons\Library\RRR_WindowsOperation.dll..  DllRegisterServer failed : 0x80004005 (unknown error)
regit C:\3R\Commons\Library\MetEnForme.dll..  DllRegisterServer failed : 0x80004005 (unknown error)
Commande ECHO d‚sactiv‚e.
******************************** 
Traduction des r‚pertoires 
******************************** 
"Traduction terminees" 
Commande ECHO d‚sactiv‚e.
******************************** 
Autorisation des macros dans EXCEL 
******************************** 
Commande ECHO d‚sactiv‚e.
******************************** 
Autorisation du flexgrid 
******************************** 
REG IMPORT "C:\3R\registre\Flxgrd 32.reg" 
